{"level":"debug","message":"rocksol compiler initialized at  /home/thorsten/devel/sitter/test/support/test_workdir","timestamp":"2014-05-30T14:27:16.092Z"}
{"level":"debug","message":"written  16  Bytes to  /home/thorsten/devel/sitter/test/support/test_workdir/public/test_dest","timestamp":"2014-05-30T14:27:16.289Z"}
{"level":"debug","message":"rocksol compiler initialized at  /home/thorsten/devel/sitter/test/support/test_workdir","timestamp":"2014-05-30T14:32:26.541Z"}
{"level":"debug","message":"written  16  Bytes to  /home/thorsten/devel/sitter/test/support/test_workdir/public/test_dest","timestamp":"2014-05-30T14:32:26.739Z"}
{"level":"debug","message":"rocksol compiler initialized at  /home/thorsten/devel/sitter/test/support/test_workdir","timestamp":"2014-05-30T14:32:54.312Z"}
{"level":"debug","message":"rocksol compiler initialized at  /home/thorsten/devel/sitter/test/support/test_workdir","timestamp":"2014-05-30T14:34:55.465Z"}
{"level":"debug","message":"rocksol compiler initialized at  /home/thorsten/devel/sitter/test/support/test_workdir","timestamp":"2014-05-30T14:36:44.125Z"}
{"level":"debug","message":"rocksol compiler initialized at  /home/thorsten/devel/sitter/test/support/test_workdir","timestamp":"2014-05-30T14:37:06.193Z"}
{"level":"debug","message":"rocksol compiler initialized at  /home/thorsten/devel/sitter/test/support/test_workdir","timestamp":"2014-05-30T14:37:55.532Z"}
{"level":"debug","message":"rocksol compiler initialized at  /home/thorsten/devel/sitter/test/support/test_workdir","timestamp":"2014-05-30T14:40:29.399Z"}
{"level":"debug","message":"written  16  Bytes to  /home/thorsten/devel/sitter/test/support/test_workdir/public/test_dest/undefined.htm","timestamp":"2014-05-30T14:40:29.598Z"}
{"level":"debug","message":"rocksol compiler initialized at  /home/thorsten/devel/sitter/test/support/test_workdir","timestamp":"2014-05-30T14:42:11.969Z"}
{"level":"debug","message":"rocksol compiler initialized at  /home/thorsten/devel/sitter/test/support/test_workdir","timestamp":"2014-05-30T14:42:31.254Z"}
{"level":"debug","message":"written  16  Bytes to  /home/thorsten/devel/sitter/test/support/test_workdir/public/test_dest/index.htm","timestamp":"2014-05-30T14:42:31.453Z"}
{"level":"debug","message":"rocksol compiler initialized at   string return level","timestamp":"2014-05-30T15:28:45.306Z"}
{"level":"debug","message":"rocksol compiler initialized at   string return level","timestamp":"2014-05-30T15:28:45.312Z"}
{"level":"debug","message":"rocksol compiler initialized at  /home/thorsten/devel/sitter/test/support/test_workdir","timestamp":"2014-05-30T15:28:45.322Z"}
{"level":"debug","message":"rocksol compiler initialized at   string return level","timestamp":"2014-05-30T15:29:55.659Z"}
{"level":"debug","message":"rocksol compiler initialized at   string return level","timestamp":"2014-05-30T15:29:55.665Z"}
{"level":"debug","message":"rocksol compiler initialized at  /home/thorsten/devel/sitter/test/support/test_workdir","timestamp":"2014-05-30T15:29:55.676Z"}
{"level":"debug","message":"rocksol compiler initialized at   string return level","timestamp":"2014-05-30T15:30:38.941Z"}
{"level":"debug","message":"rocksol compiler initialized at   string return level","timestamp":"2014-05-30T15:30:38.948Z"}
{"level":"debug","message":"rocksol compiler initialized at  /home/thorsten/devel/sitter/test/support/test_workdir","timestamp":"2014-05-30T15:30:38.957Z"}
{"level":"debug","message":"rocksol compiler initialized at   string return level","timestamp":"2014-05-30T15:31:04.121Z"}
{"level":"debug","message":"rocksol compiler initialized at   string return level","timestamp":"2014-05-30T15:31:04.127Z"}
{"level":"debug","message":"rocksol compiler initialized at  /home/thorsten/devel/sitter/test/support/test_workdir","timestamp":"2014-05-30T15:31:04.138Z"}
{"level":"debug","message":"rocksol compiler initialized at   string return level","timestamp":"2014-05-30T15:31:04.336Z"}
{"level":"debug","message":"rocksol compiler initialized at   string return level","timestamp":"2014-05-30T15:31:04.336Z"}
{"level":"debug","message":"rocksol compiler initialized at  /home/thorsten/devel/sitter/test/support/test_workdir","timestamp":"2014-05-30T15:31:04.338Z"}
{"level":"debug","message":"rocksol compiler initialized at   string return level","timestamp":"2014-05-30T15:31:04.339Z"}
{"level":"debug","message":"rocksol compiler initialized at   string return level","timestamp":"2014-05-30T15:31:22.747Z"}
{"level":"debug","message":"rocksol compiler initialized at   string return level","timestamp":"2014-05-30T15:31:22.753Z"}
{"level":"debug","message":"rocksol compiler initialized at  /home/thorsten/devel/sitter/test/support/test_workdir","timestamp":"2014-05-30T15:31:22.763Z"}
{"level":"debug","message":"rocksol compiler initialized at   string return level","timestamp":"2014-05-30T15:31:22.957Z"}
{"level":"debug","message":"rocksol compiler initialized at   string return level","timestamp":"2014-05-30T15:31:22.957Z"}
{"level":"debug","message":"rocksol compiler initialized at  /home/thorsten/devel/sitter/test/support/test_workdir","timestamp":"2014-05-30T15:31:22.959Z"}
{"level":"debug","message":"rocksol compiler initialized at   string return level","timestamp":"2014-05-30T15:31:22.960Z"}
{"level":"debug","message":"rocksol compiler initialized at  /home/thorsten/devel/sitter/test/support/test_workdir","timestamp":"2014-05-30T15:31:22.964Z"}
{"level":"debug","message":"written  16  Bytes to  /home/thorsten/devel/sitter/test/support/test_workdir/public/test_dest/index.htm","timestamp":"2014-05-30T15:31:22.972Z"}
{"level":"debug","message":"rocksol compiler initialized at   string return level","timestamp":"2014-05-30T15:49:51.062Z"}
{"level":"debug","message":"rocksol compiler initialized at   string return level","timestamp":"2014-05-30T15:49:51.068Z"}
{"level":"debug","message":"rocksol compiler initialized at  /home/thorsten/devel/sitter/test/support/test_workdir","timestamp":"2014-05-30T15:49:51.078Z"}
{"level":"debug","message":"rocksol compiler initialized at   string return level","timestamp":"2014-05-30T15:49:51.279Z"}
{"level":"debug","message":"rocksol compiler initialized at   string return level","timestamp":"2014-05-30T15:49:51.279Z"}
{"level":"debug","message":"rocksol compiler initialized at  /home/thorsten/devel/sitter/test/support/test_workdir","timestamp":"2014-05-30T15:49:51.281Z"}
{"level":"debug","message":"rocksol compiler initialized at   string return level","timestamp":"2014-05-30T15:49:51.282Z"}
{"level":"debug","message":"rocksol compiler initialized at   string return level","timestamp":"2014-05-30T15:49:51.283Z"}
{"level":"debug","message":"rocksol compiler initialized at   string return level","timestamp":"2014-05-30T15:50:39.657Z"}
{"level":"debug","message":"rocksol compiler initialized at   string return level","timestamp":"2014-05-30T15:50:39.664Z"}
{"level":"debug","message":"rocksol compiler initialized at  /home/thorsten/devel/sitter/test/support/test_workdir","timestamp":"2014-05-30T15:50:39.673Z"}
{"level":"debug","message":"rocksol compiler initialized at   string return level","timestamp":"2014-05-30T15:50:39.866Z"}
{"level":"debug","message":"rocksol compiler initialized at   string return level","timestamp":"2014-05-30T15:50:39.866Z"}
{"level":"debug","message":"rocksol compiler initialized at  /home/thorsten/devel/sitter/test/support/test_workdir","timestamp":"2014-05-30T15:50:39.868Z"}
{"level":"debug","message":"rocksol compiler initialized at   string return level","timestamp":"2014-05-30T15:50:39.869Z"}
{"level":"debug","message":"rocksol compiler initialized at   string return level","timestamp":"2014-05-30T15:50:39.870Z"}
{"level":"debug","message":"rocksol compiler initialized at   string return level","timestamp":"2014-05-30T15:51:09.699Z"}
{"level":"debug","message":"rocksol compiler initialized at   string return level","timestamp":"2014-05-30T15:51:09.706Z"}
{"level":"debug","message":"rocksol compiler initialized at  /home/thorsten/devel/sitter/test/support/test_workdir","timestamp":"2014-05-30T15:51:09.715Z"}
{"level":"debug","message":"rocksol compiler initialized at   string return level","timestamp":"2014-05-30T15:51:09.912Z"}
{"level":"debug","message":"rocksol compiler initialized at   string return level","timestamp":"2014-05-30T15:51:09.912Z"}
{"level":"debug","message":"rocksol compiler initialized at  /home/thorsten/devel/sitter/test/support/test_workdir","timestamp":"2014-05-30T15:51:09.914Z"}
{"level":"debug","message":"rocksol compiler initialized at   string return level","timestamp":"2014-05-30T15:51:09.915Z"}
{"level":"debug","message":"rocksol compiler initialized at   string return level","timestamp":"2014-05-30T15:51:09.916Z"}
{"level":"debug","message":"rocksol compiler initialized at   string return level","timestamp":"2014-05-30T15:51:26.711Z"}
{"level":"debug","message":"rocksol compiler initialized at   string return level","timestamp":"2014-05-30T15:51:26.717Z"}
{"level":"debug","message":"rocksol compiler initialized at  /home/thorsten/devel/sitter/test/support/test_workdir","timestamp":"2014-05-30T15:51:26.726Z"}
{"level":"debug","message":"rocksol compiler initialized at   string return level","timestamp":"2014-05-30T15:51:26.926Z"}
{"level":"debug","message":"rocksol compiler initialized at   string return level","timestamp":"2014-05-30T15:51:26.926Z"}
{"level":"debug","message":"rocksol compiler initialized at  /home/thorsten/devel/sitter/test/support/test_workdir","timestamp":"2014-05-30T15:51:26.928Z"}
{"level":"debug","message":"rocksol compiler initialized at   string return level","timestamp":"2014-05-30T15:51:26.929Z"}
{"level":"debug","message":"rocksol compiler initialized at   string return level","timestamp":"2014-05-30T15:51:26.930Z"}
{"level":"debug","message":"rocksol compiler initialized at   string return level","timestamp":"2014-05-30T15:53:25.490Z"}
{"level":"debug","message":"rocksol compiler initialized at   string return level","timestamp":"2014-05-30T15:53:25.497Z"}
{"level":"debug","message":"rocksol compiler initialized at  /home/thorsten/devel/sitter/test/support/test_workdir","timestamp":"2014-05-30T15:53:25.506Z"}
{"level":"debug","message":"rocksol compiler initialized at   string return level","timestamp":"2014-05-30T15:53:25.700Z"}
{"level":"debug","message":"rocksol compiler initialized at   string return level","timestamp":"2014-05-30T15:53:25.700Z"}
{"level":"debug","message":"rocksol compiler initialized at  /home/thorsten/devel/sitter/test/support/test_workdir","timestamp":"2014-05-30T15:53:25.702Z"}
{"level":"debug","message":"rocksol compiler initialized at   string return level","timestamp":"2014-05-30T15:53:25.703Z"}
{"level":"debug","message":"rocksol compiler initialized at   string return level","timestamp":"2014-05-30T15:53:25.704Z"}
{"level":"debug","message":"rocksol compiler initialized at   string return level","timestamp":"2014-05-30T15:54:00.737Z"}
{"level":"debug","message":"rocksol compiler initialized at   string return level","timestamp":"2014-05-30T15:54:00.744Z"}
{"level":"debug","message":"rocksol compiler initialized at  /home/thorsten/devel/sitter/test/support/test_workdir","timestamp":"2014-05-30T15:54:00.753Z"}
{"level":"debug","message":"rocksol compiler initialized at   string return level","timestamp":"2014-05-30T15:54:00.957Z"}
{"level":"debug","message":"rocksol compiler initialized at   string return level","timestamp":"2014-05-30T15:54:00.957Z"}
{"level":"debug","message":"rocksol compiler initialized at  /home/thorsten/devel/sitter/test/support/test_workdir","timestamp":"2014-05-30T15:54:00.959Z"}
{"level":"debug","message":"rocksol compiler initialized at   string return level","timestamp":"2014-05-30T15:54:00.961Z"}
{"level":"debug","message":"rocksol compiler initialized at   string return level","timestamp":"2014-05-30T15:54:00.961Z"}
{"level":"debug","message":"rocksol compiler initialized at   string return level","timestamp":"2014-05-30T15:54:12.120Z"}
{"level":"debug","message":"rocksol compiler initialized at   string return level","timestamp":"2014-05-30T15:54:12.126Z"}
{"level":"debug","message":"rocksol compiler initialized at  /home/thorsten/devel/sitter/test/support/test_workdir","timestamp":"2014-05-30T15:54:12.135Z"}
{"level":"debug","message":"rocksol compiler initialized at   string return level","timestamp":"2014-05-30T15:54:12.332Z"}
{"level":"debug","message":"rocksol compiler initialized at   string return level","timestamp":"2014-05-30T15:54:12.332Z"}
{"level":"debug","message":"rocksol compiler initialized at  /home/thorsten/devel/sitter/test/support/test_workdir","timestamp":"2014-05-30T15:54:12.334Z"}
{"level":"debug","message":"rocksol compiler initialized at   string return level","timestamp":"2014-05-30T15:54:12.335Z"}
{"level":"debug","message":"rocksol compiler initialized at   string return level","timestamp":"2014-05-30T15:54:12.336Z"}
{"level":"debug","message":"rocksol compiler initialized at  /home/thorsten/devel/sitter/test/support/test_workdir","timestamp":"2014-05-30T15:54:12.339Z"}
{"level":"debug","message":"written  16  Bytes to  /home/thorsten/devel/sitter/test/support/test_workdir/public/test_dest/index.htm","timestamp":"2014-05-30T15:54:12.343Z"}
{"level":"debug","message":"rocksol compiler initialized at   string return level","timestamp":"2014-05-30T16:01:46.095Z"}
{"level":"debug","message":"rocksol compiler initialized at   string return level","timestamp":"2014-05-30T16:01:46.102Z"}
{"level":"debug","message":"rocksol compiler initialized at  /home/thorsten/devel/sitter/test/support/test_workdir","timestamp":"2014-05-30T16:01:46.111Z"}
{"level":"debug","message":"rocksol compiler initialized at   string return level","timestamp":"2014-05-30T16:01:46.306Z"}
{"level":"debug","message":"rocksol compiler initialized at   string return level","timestamp":"2014-05-30T16:01:46.306Z"}
{"level":"debug","message":"rocksol compiler initialized at  /home/thorsten/devel/sitter/test/support/test_workdir","timestamp":"2014-05-30T16:01:46.308Z"}
{"level":"debug","message":"rocksol compiler initialized at   string return level","timestamp":"2014-05-30T16:01:46.310Z"}
{"level":"debug","message":"rocksol compiler initialized at   string return level","timestamp":"2014-05-30T16:01:46.311Z"}
{"level":"debug","message":"rocksol compiler initialized at  /home/thorsten/devel/sitter/test/support/test_workdir","timestamp":"2014-05-30T16:01:46.313Z"}
{"level":"debug","message":"rocksol compiler initialized at   string return level","timestamp":"2014-05-30T16:04:36.113Z"}
{"level":"debug","message":"rocksol compiler initialized at   string return level","timestamp":"2014-05-30T16:04:36.119Z"}
{"level":"debug","message":"rocksol compiler initialized at  /home/thorsten/devel/sitter/test/support/test_workdir","timestamp":"2014-05-30T16:04:36.129Z"}
{"level":"debug","message":"rocksol compiler initialized at   string return level","timestamp":"2014-05-30T16:05:20.366Z"}
{"level":"debug","message":"rocksol compiler initialized at   string return level","timestamp":"2014-05-30T16:05:20.381Z"}
{"level":"debug","message":"rocksol compiler initialized at  /home/thorsten/devel/sitter/test/support/test_workdir","timestamp":"2014-05-30T16:05:20.390Z"}
{"level":"debug","message":"rocksol compiler initialized at   string return level","timestamp":"2014-05-30T16:05:38.717Z"}
{"level":"debug","message":"rocksol compiler initialized at   string return level","timestamp":"2014-05-30T16:05:38.724Z"}
{"level":"debug","message":"rocksol compiler initialized at  /home/thorsten/devel/sitter/test/support/test_workdir","timestamp":"2014-05-30T16:05:38.733Z"}
{"level":"debug","message":"rocksol compiler initialized at   string return level","timestamp":"2014-05-30T16:05:57.257Z"}
{"level":"debug","message":"rocksol compiler initialized at   string return level","timestamp":"2014-05-30T16:05:57.264Z"}
{"level":"debug","message":"rocksol compiler initialized at  /home/thorsten/devel/sitter/test/support/test_workdir","timestamp":"2014-05-30T16:05:57.273Z"}
{"level":"debug","message":"rocksol compiler initialized at   string return level","timestamp":"2014-05-30T16:08:21.555Z"}
{"level":"debug","message":"rocksol compiler initialized at   string return level","timestamp":"2014-05-30T16:08:21.561Z"}
{"level":"debug","message":"rocksol compiler initialized at  /home/thorsten/devel/sitter/test/support/test_workdir","timestamp":"2014-05-30T16:08:21.571Z"}
{"level":"debug","message":"rocksol compiler initialized at   string return level","timestamp":"2014-05-30T16:08:21.768Z"}
{"level":"debug","message":"rocksol compiler initialized at   string return level","timestamp":"2014-05-30T16:08:21.768Z"}
{"level":"debug","message":"rocksol compiler initialized at  /home/thorsten/devel/sitter/test/support/test_workdir","timestamp":"2014-05-30T16:08:21.770Z"}
{"level":"debug","message":"rocksol compiler initialized at   string return level","timestamp":"2014-05-30T16:08:21.772Z"}
{"level":"debug","message":"rocksol compiler initialized at   string return level","timestamp":"2014-05-30T16:08:21.773Z"}
{"level":"debug","message":"rocksol compiler initialized at  /home/thorsten/devel/sitter/test/support/test_workdir","timestamp":"2014-05-30T16:08:21.774Z"}
{"level":"debug","message":"rocksol compiler initialized at   string return level","timestamp":"2014-05-30T16:09:38.427Z"}
{"level":"debug","message":"rocksol compiler initialized at   string return level","timestamp":"2014-05-30T16:09:38.434Z"}
{"level":"debug","message":"rocksol compiler initialized at  /home/thorsten/devel/sitter/test/support/test_workdir","timestamp":"2014-05-30T16:09:38.443Z"}
{"level":"debug","message":"rocksol compiler initialized at   string return level","timestamp":"2014-05-30T16:09:38.649Z"}
{"level":"debug","message":"rocksol compiler initialized at   string return level","timestamp":"2014-05-30T16:09:38.649Z"}
{"level":"debug","message":"rocksol compiler initialized at  /home/thorsten/devel/sitter/test/support/test_workdir","timestamp":"2014-05-30T16:09:38.651Z"}
{"level":"debug","message":"rocksol compiler initialized at   string return level","timestamp":"2014-05-30T16:09:38.652Z"}
{"level":"debug","message":"rocksol compiler initialized at   string return level","timestamp":"2014-05-30T16:09:38.653Z"}
{"level":"debug","message":"rocksol compiler initialized at  /home/thorsten/devel/sitter/test/support/test_workdir","timestamp":"2014-05-30T16:09:38.655Z"}
{"level":"debug","message":"rocksol compiler initialized at   string return level","timestamp":"2014-05-30T16:10:11.681Z"}
{"level":"debug","message":"rocksol compiler initialized at   string return level","timestamp":"2014-05-30T16:10:11.687Z"}
{"level":"debug","message":"rocksol compiler initialized at  /home/thorsten/devel/sitter/test/support/test_workdir","timestamp":"2014-05-30T16:10:11.697Z"}
{"level":"debug","message":"rocksol compiler initialized at   string return level","timestamp":"2014-05-30T16:10:11.893Z"}
{"level":"debug","message":"rocksol compiler initialized at   string return level","timestamp":"2014-05-30T16:10:11.893Z"}
{"level":"debug","message":"rocksol compiler initialized at  /home/thorsten/devel/sitter/test/support/test_workdir","timestamp":"2014-05-30T16:10:11.895Z"}
{"level":"debug","message":"rocksol compiler initialized at   string return level","timestamp":"2014-05-30T16:10:11.896Z"}
{"level":"debug","message":"rocksol compiler initialized at   string return level","timestamp":"2014-05-30T16:10:11.897Z"}
{"level":"debug","message":"rocksol compiler initialized at  /home/thorsten/devel/sitter/test/support/test_workdir","timestamp":"2014-05-30T16:10:11.899Z"}
{"level":"debug","message":"written  16  Bytes to  /home/thorsten/devel/sitter/test/support/test_workdir/public/test_dest/index.htm","timestamp":"2014-05-30T16:10:11.903Z"}
{"level":"debug","message":"rocksol compiler initialized at   string return level","timestamp":"2014-05-30T16:10:32.320Z"}
{"level":"debug","message":"rocksol compiler initialized at   string return level","timestamp":"2014-05-30T16:10:32.326Z"}
{"level":"debug","message":"rocksol compiler initialized at  /home/thorsten/devel/sitter/test/support/test_workdir","timestamp":"2014-05-30T16:10:32.336Z"}
{"level":"debug","message":"rocksol compiler initialized at   string return level","timestamp":"2014-05-30T16:10:32.534Z"}
{"level":"debug","message":"rocksol compiler initialized at   string return level","timestamp":"2014-05-30T16:10:32.534Z"}
{"level":"debug","message":"rocksol compiler initialized at  /home/thorsten/devel/sitter/test/support/test_workdir","timestamp":"2014-05-30T16:10:32.536Z"}
{"level":"debug","message":"rocksol compiler initialized at   string return level","timestamp":"2014-05-30T16:10:32.537Z"}
{"level":"debug","message":"rocksol compiler initialized at   string return level","timestamp":"2014-05-30T16:10:32.538Z"}
{"level":"debug","message":"rocksol compiler initialized at  /home/thorsten/devel/sitter/test/support/test_workdir","timestamp":"2014-05-30T16:10:32.540Z"}
{"level":"debug","message":"rocksol compiler initialized at   string return level","timestamp":"2014-05-30T16:38:38.804Z"}
{"level":"debug","message":"rocksol compiler initialized at   string return level","timestamp":"2014-05-30T16:38:38.810Z"}
{"level":"debug","message":"rocksol compiler initialized at  /home/thorsten/devel/sitter/test/support/test_workdir","timestamp":"2014-05-30T16:38:38.820Z"}
{"level":"debug","message":"rocksol compiler initialized at   string return level","timestamp":"2014-05-30T16:40:00.261Z"}
{"level":"debug","message":"rocksol compiler initialized at   string return level","timestamp":"2014-05-30T16:40:00.267Z"}
{"level":"debug","message":"rocksol compiler initialized at  /home/thorsten/devel/sitter/test/support/test_workdir","timestamp":"2014-05-30T16:40:00.277Z"}
{"level":"debug","message":"rocksol compiler initialized at   string return level","timestamp":"2014-05-30T16:41:40.705Z"}
{"level":"debug","message":"rocksol compiler initialized at   string return level","timestamp":"2014-05-30T16:41:40.711Z"}
{"level":"debug","message":"rocksol compiler initialized at   string return level","timestamp":"2014-05-30T16:42:53.636Z"}
{"level":"debug","message":"rocksol compiler initialized at   string return level","timestamp":"2014-05-30T16:42:53.642Z"}
{"level":"debug","message":"rocksol compiler initialized at   string return level","timestamp":"2014-05-30T16:46:11.764Z"}
{"level":"debug","message":"rocksol compiler initialized at   string return level","timestamp":"2014-05-30T16:46:11.770Z"}
{"level":"debug","message":"rocksol compiler initialized at   string return level","timestamp":"2014-05-30T16:46:24.177Z"}
{"level":"debug","message":"rocksol compiler initialized at   string return level","timestamp":"2014-05-30T16:46:24.183Z"}
{"level":"debug","message":"rocksol compiler initialized at  /home/thorsten/devel/sitter/test/support/test_workdir","timestamp":"2014-05-30T16:46:24.193Z"}
{"level":"debug","message":"rocksol compiler initialized at   string return level","timestamp":"2014-05-30T16:47:10.453Z"}
{"level":"debug","message":"rocksol compiler initialized at   string return level","timestamp":"2014-05-30T16:47:10.459Z"}
{"level":"debug","message":"rocksol compiler initialized at  /home/thorsten/devel/sitter/test/support/test_workdir","timestamp":"2014-05-30T16:47:10.469Z"}
{"level":"debug","message":"rocksol compiler initialized at   string return level","timestamp":"2014-05-30T16:48:39.205Z"}
{"level":"debug","message":"rocksol compiler initialized at   string return level","timestamp":"2014-05-30T16:48:39.211Z"}
{"level":"debug","message":"rocksol compiler initialized at  /home/thorsten/devel/sitter/test/support/test_workdir","timestamp":"2014-05-30T16:48:39.221Z"}
{"level":"debug","message":"rocksol compiler initialized at   string return level","timestamp":"2014-05-30T16:48:56.686Z"}
{"level":"debug","message":"rocksol compiler initialized at   string return level","timestamp":"2014-05-30T16:48:56.693Z"}
{"level":"debug","message":"rocksol compiler initialized at  /home/thorsten/devel/sitter/test/support/test_workdir","timestamp":"2014-05-30T16:48:56.703Z"}
{"level":"debug","message":"rocksol compiler initialized at   string return level","timestamp":"2014-05-30T16:49:50.959Z"}
{"level":"debug","message":"rocksol compiler initialized at   string return level","timestamp":"2014-05-30T16:49:50.966Z"}
{"level":"debug","message":"rocksol compiler initialized at  /home/thorsten/devel/sitter/test/support/test_workdir","timestamp":"2014-05-30T16:49:50.976Z"}
{"level":"debug","message":"rocksol compiler initialized at   string return level","timestamp":"2014-05-30T16:50:50.001Z"}
{"level":"debug","message":"rocksol compiler initialized at   string return level","timestamp":"2014-05-30T16:50:50.008Z"}
{"level":"debug","message":"rocksol compiler initialized at  /home/thorsten/devel/sitter/test/support/test_workdir","timestamp":"2014-05-30T16:50:50.017Z"}
{"level":"debug","message":"rocksol compiler initialized at   string return level","timestamp":"2014-05-30T16:51:00.305Z"}
{"level":"debug","message":"rocksol compiler initialized at   string return level","timestamp":"2014-05-30T16:51:00.311Z"}
{"level":"debug","message":"rocksol compiler initialized at  /home/thorsten/devel/sitter/test/support/test_workdir","timestamp":"2014-05-30T16:51:00.321Z"}
{"level":"debug","message":"rocksol compiler initialized at   string return level","timestamp":"2014-05-30T16:51:39.011Z"}
{"level":"debug","message":"rocksol compiler initialized at   string return level","timestamp":"2014-05-30T16:51:39.018Z"}
{"level":"debug","message":"rocksol compiler initialized at  /home/thorsten/devel/sitter/test/support/test_workdir","timestamp":"2014-05-30T16:51:39.028Z"}
{"level":"debug","message":"rocksol compiler initialized at   string return level","timestamp":"2014-05-30T16:52:28.812Z"}
{"level":"debug","message":"rocksol compiler initialized at   string return level","timestamp":"2014-05-30T16:52:28.818Z"}
{"level":"debug","message":"rocksol compiler initialized at  /home/thorsten/devel/sitter/test/support/test_workdir","timestamp":"2014-05-30T16:52:28.828Z"}
{"level":"debug","message":"rocksol compiler initialized at   string return level","timestamp":"2014-05-30T16:52:50.643Z"}
{"level":"debug","message":"rocksol compiler initialized at   string return level","timestamp":"2014-05-30T16:52:50.649Z"}
{"level":"debug","message":"rocksol compiler initialized at  /home/thorsten/devel/sitter/test/support/test_workdir","timestamp":"2014-05-30T16:52:50.659Z"}
{"level":"debug","message":"rocksol compiler initialized at   string return level","timestamp":"2014-05-30T16:53:57.681Z"}
{"level":"debug","message":"rocksol compiler initialized at   string return level","timestamp":"2014-05-30T16:53:57.693Z"}
{"level":"debug","message":"rocksol compiler initialized at  /home/thorsten/devel/sitter/test/support/test_workdir","timestamp":"2014-05-30T16:53:57.705Z"}
{"level":"debug","message":"rocksol compiler initialized at   string return level","timestamp":"2014-05-30T16:54:14.042Z"}
{"level":"debug","message":"rocksol compiler initialized at   string return level","timestamp":"2014-05-30T16:54:19.803Z"}
{"level":"debug","message":"rocksol compiler initialized at   string return level","timestamp":"2014-05-30T16:54:19.810Z"}
{"level":"debug","message":"rocksol compiler initialized at  /home/thorsten/devel/sitter/test/support/test_workdir","timestamp":"2014-05-30T16:54:19.821Z"}
{"level":"debug","message":"rocksol compiler initialized at   string return level","timestamp":"2014-05-30T16:55:17.173Z"}
{"level":"debug","message":"rocksol compiler initialized at   string return level","timestamp":"2014-05-30T16:55:17.180Z"}
{"level":"debug","message":"rocksol compiler initialized at  /home/thorsten/devel/sitter/test/support/test_workdir","timestamp":"2014-05-30T16:55:17.190Z"}
{"level":"debug","message":"rocksol compiler initialized at   string return level","timestamp":"2014-05-30T16:55:17.387Z"}
{"level":"debug","message":"rocksol compiler initialized at   string return level","timestamp":"2014-05-30T16:55:17.387Z"}
{"level":"debug","message":"rocksol compiler initialized at  /home/thorsten/devel/sitter/test/support/test_workdir","timestamp":"2014-05-30T16:55:17.390Z"}
{"level":"debug","message":"rocksol compiler initialized at   string return level","timestamp":"2014-05-30T16:55:17.391Z"}
{"level":"debug","message":"rocksol compiler initialized at   string return level","timestamp":"2014-05-30T16:55:17.392Z"}
{"level":"debug","message":"rocksol compiler initialized at  /home/thorsten/devel/sitter/test/support/test_workdir","timestamp":"2014-05-30T16:55:17.395Z"}
{"level":"debug","message":"rocksol compiler initialized at   string return level","timestamp":"2014-05-30T16:56:51.215Z"}
{"level":"debug","message":"rocksol compiler initialized at   string return level","timestamp":"2014-05-30T16:56:51.221Z"}
{"level":"debug","message":"rocksol compiler initialized at  /home/thorsten/devel/sitter/test/support/test_workdir","timestamp":"2014-05-30T16:56:51.231Z"}
{"level":"debug","message":"rocksol compiler initialized at   string return level","timestamp":"2014-05-30T16:56:51.426Z"}
{"level":"debug","message":"rocksol compiler initialized at   string return level","timestamp":"2014-05-30T16:56:51.426Z"}
{"level":"debug","message":"rocksol compiler initialized at  /home/thorsten/devel/sitter/test/support/test_workdir","timestamp":"2014-05-30T16:56:51.428Z"}
{"level":"debug","message":"rocksol compiler initialized at   string return level","timestamp":"2014-05-30T16:56:51.429Z"}
{"level":"debug","message":"rocksol compiler initialized at   string return level","timestamp":"2014-05-30T16:56:51.430Z"}
{"level":"debug","message":"rocksol compiler initialized at  /home/thorsten/devel/sitter/test/support/test_workdir","timestamp":"2014-05-30T16:56:51.432Z"}
{"level":"debug","message":"rocksol compiler initialized at   string return level","timestamp":"2014-05-30T16:58:02.843Z"}
{"level":"debug","message":"rocksol compiler initialized at   string return level","timestamp":"2014-05-30T16:58:02.850Z"}
{"level":"debug","message":"rocksol compiler initialized at  /home/thorsten/devel/sitter/test/support/test_workdir","timestamp":"2014-05-30T16:58:02.859Z"}
{"level":"debug","message":"rocksol compiler initialized at   string return level","timestamp":"2014-05-30T16:58:03.057Z"}
{"level":"debug","message":"rocksol compiler initialized at   string return level","timestamp":"2014-05-30T16:58:03.057Z"}
{"level":"debug","message":"rocksol compiler initialized at  /home/thorsten/devel/sitter/test/support/test_workdir","timestamp":"2014-05-30T16:58:03.059Z"}
{"level":"debug","message":"rocksol compiler initialized at   string return level","timestamp":"2014-05-30T16:58:03.061Z"}
{"level":"debug","message":"rocksol compiler initialized at   string return level","timestamp":"2014-05-30T16:58:03.062Z"}
{"level":"debug","message":"rocksol compiler initialized at  /home/thorsten/devel/sitter/test/support/test_workdir","timestamp":"2014-05-30T16:58:03.064Z"}
{"level":"debug","message":"written  16  Bytes to  /home/thorsten/devel/sitter/test/support/test_workdir/public/test_dest/index.htm","timestamp":"2014-05-30T16:58:03.068Z"}
{"level":"debug","message":"written  16  Bytes to  /home/thorsten/devel/sitter/test/support/test_workdir/public/test_dest/index.htm","timestamp":"2014-05-30T16:58:03.074Z"}
{"level":"debug","message":"rocksol compiler initialized at   string return level","timestamp":"2014-05-30T16:58:13.575Z"}
{"level":"debug","message":"rocksol compiler initialized at   string return level","timestamp":"2014-05-30T16:58:13.582Z"}
{"level":"debug","message":"rocksol compiler initialized at  /home/thorsten/devel/sitter/test/support/test_workdir","timestamp":"2014-05-30T16:58:13.591Z"}
{"level":"debug","message":"rocksol compiler initialized at   string return level","timestamp":"2014-05-30T16:58:13.787Z"}
{"level":"debug","message":"rocksol compiler initialized at   string return level","timestamp":"2014-05-30T16:58:13.788Z"}
{"level":"debug","message":"rocksol compiler initialized at  /home/thorsten/devel/sitter/test/support/test_workdir","timestamp":"2014-05-30T16:58:13.789Z"}
{"level":"debug","message":"rocksol compiler initialized at   string return level","timestamp":"2014-05-30T16:58:13.791Z"}
{"level":"debug","message":"rocksol compiler initialized at   string return level","timestamp":"2014-05-30T16:58:13.792Z"}
{"level":"debug","message":"rocksol compiler initialized at  /home/thorsten/devel/sitter/test/support/test_workdir","timestamp":"2014-05-30T16:58:13.793Z"}
{"level":"debug","message":"rocksol compiler initialized at   string return level","timestamp":"2014-05-30T16:59:17.136Z"}
{"level":"debug","message":"rocksol compiler initialized at   string return level","timestamp":"2014-05-30T16:59:17.142Z"}
{"level":"debug","message":"rocksol compiler initialized at  /home/thorsten/devel/sitter/test/support/test_workdir","timestamp":"2014-05-30T16:59:17.152Z"}
{"level":"debug","message":"rocksol compiler initialized at   string return level","timestamp":"2014-05-30T16:59:17.351Z"}
{"level":"debug","message":"rocksol compiler initialized at   string return level","timestamp":"2014-05-30T16:59:17.351Z"}
{"level":"debug","message":"rocksol compiler initialized at  /home/thorsten/devel/sitter/test/support/test_workdir","timestamp":"2014-05-30T16:59:17.353Z"}
{"level":"debug","message":"rocksol compiler initialized at   string return level","timestamp":"2014-05-30T16:59:17.354Z"}
{"level":"debug","message":"rocksol compiler initialized at   string return level","timestamp":"2014-05-30T16:59:17.355Z"}
{"level":"debug","message":"rocksol compiler initialized at  /home/thorsten/devel/sitter/test/support/test_workdir","timestamp":"2014-05-30T16:59:17.357Z"}
{"level":"debug","message":"written  16  Bytes to  /home/thorsten/devel/sitter/test/support/test_workdir/public/test_dest/index.htm.en","timestamp":"2014-05-30T16:59:17.361Z"}
{"level":"debug","message":"written  16  Bytes to  /home/thorsten/devel/sitter/test/support/test_workdir/public/test_dest/index.htm.de","timestamp":"2014-05-30T16:59:17.365Z"}
{"level":"debug","message":"rocksol compiler initialized at   string return level","timestamp":"2014-05-30T17:00:15.355Z"}
{"level":"debug","message":"rocksol compiler initialized at   string return level","timestamp":"2014-05-30T17:00:15.361Z"}
{"level":"debug","message":"rocksol compiler initialized at  /home/thorsten/devel/sitter/test/support/test_workdir","timestamp":"2014-05-30T17:00:15.371Z"}
{"level":"debug","message":"rocksol compiler initialized at   string return level","timestamp":"2014-05-30T17:00:15.571Z"}
{"level":"debug","message":"rocksol compiler initialized at   string return level","timestamp":"2014-05-30T17:00:15.572Z"}
{"level":"debug","message":"rocksol compiler initialized at  /home/thorsten/devel/sitter/test/support/test_workdir","timestamp":"2014-05-30T17:00:15.573Z"}
{"level":"debug","message":"rocksol compiler initialized at   string return level","timestamp":"2014-05-30T17:00:15.575Z"}
{"level":"debug","message":"rocksol compiler initialized at   string return level","timestamp":"2014-05-30T17:00:15.576Z"}
{"level":"debug","message":"rocksol compiler initialized at  /home/thorsten/devel/sitter/test/support/test_workdir","timestamp":"2014-05-30T17:00:15.577Z"}
{"level":"debug","message":"written  16  Bytes to  /home/thorsten/devel/sitter/test/support/test_workdir/public/test_dest/index.htm.en","timestamp":"2014-05-30T17:00:15.581Z"}
{"level":"debug","message":"written  16  Bytes to  /home/thorsten/devel/sitter/test/support/test_workdir/public/test_dest/index.htm.de","timestamp":"2014-05-30T17:00:15.586Z"}
{"level":"debug","message":"rocksol compiler initialized at  /home/thorsten/devel/sitter/test/support/test_workdir","timestamp":"2014-05-30T17:00:15.588Z"}
{"level":"debug","message":"rocksol compiler initialized at   string return level","timestamp":"2014-05-30T17:05:37.714Z"}
{"level":"debug","message":"rocksol compiler initialized at   string return level","timestamp":"2014-05-30T17:05:37.721Z"}
{"level":"debug","message":"rocksol compiler initialized at  /home/thorsten/devel/sitter/test/support/test_workdir","timestamp":"2014-05-30T17:05:37.730Z"}
{"level":"debug","message":"rocksol compiler initialized at   string return level","timestamp":"2014-05-30T17:05:37.926Z"}
{"level":"debug","message":"rocksol compiler initialized at   string return level","timestamp":"2014-05-30T17:05:37.927Z"}
{"level":"debug","message":"rocksol compiler initialized at  /home/thorsten/devel/sitter/test/support/test_workdir","timestamp":"2014-05-30T17:05:37.928Z"}
{"level":"debug","message":"rocksol compiler initialized at   string return level","timestamp":"2014-05-30T17:05:37.930Z"}
{"level":"debug","message":"rocksol compiler initialized at   string return level","timestamp":"2014-05-30T17:05:37.931Z"}
{"level":"debug","message":"rocksol compiler initialized at  /home/thorsten/devel/sitter/test/support/test_workdir","timestamp":"2014-05-30T17:05:37.932Z"}
{"level":"debug","message":"rocksol compiler initialized at   string return level","timestamp":"2014-05-30T17:06:12.200Z"}
{"level":"debug","message":"rocksol compiler initialized at   string return level","timestamp":"2014-05-30T17:06:12.207Z"}
{"level":"debug","message":"rocksol compiler initialized at  /home/thorsten/devel/sitter/test/support/test_workdir","timestamp":"2014-05-30T17:06:12.216Z"}
{"level":"debug","message":"rocksol compiler initialized at   string return level","timestamp":"2014-05-30T17:06:12.412Z"}
{"level":"debug","message":"rocksol compiler initialized at   string return level","timestamp":"2014-05-30T17:06:12.412Z"}
{"level":"debug","message":"rocksol compiler initialized at  /home/thorsten/devel/sitter/test/support/test_workdir","timestamp":"2014-05-30T17:06:12.414Z"}
{"level":"debug","message":"rocksol compiler initialized at   string return level","timestamp":"2014-05-30T17:06:12.415Z"}
{"level":"debug","message":"rocksol compiler initialized at   string return level","timestamp":"2014-05-30T17:06:12.416Z"}
{"level":"debug","message":"rocksol compiler initialized at  /home/thorsten/devel/sitter/test/support/test_workdir","timestamp":"2014-05-30T17:06:12.418Z"}
{"level":"debug","message":"rocksol compiler initialized at   string return level","timestamp":"2014-05-30T17:08:11.026Z"}
{"level":"debug","message":"rocksol compiler initialized at   string return level","timestamp":"2014-05-30T17:08:11.032Z"}
{"level":"debug","message":"rocksol compiler initialized at  /home/thorsten/devel/sitter/test/support/test_workdir","timestamp":"2014-05-30T17:08:11.042Z"}
{"level":"debug","message":"rocksol compiler initialized at   string return level","timestamp":"2014-05-30T17:08:11.238Z"}
{"level":"debug","message":"rocksol compiler initialized at   string return level","timestamp":"2014-05-30T17:08:11.238Z"}
{"level":"debug","message":"rocksol compiler initialized at  /home/thorsten/devel/sitter/test/support/test_workdir","timestamp":"2014-05-30T17:08:11.240Z"}
{"level":"debug","message":"rocksol compiler initialized at   string return level","timestamp":"2014-05-30T17:08:11.241Z"}
{"level":"debug","message":"rocksol compiler initialized at   string return level","timestamp":"2014-05-30T17:08:11.242Z"}
{"level":"debug","message":"rocksol compiler initialized at  /home/thorsten/devel/sitter/test/support/test_workdir","timestamp":"2014-05-30T17:08:11.244Z"}
{"level":"debug","message":"rocksol compiler initialized at   string return level","timestamp":"2014-05-30T17:09:58.323Z"}
{"level":"debug","message":"rocksol compiler initialized at   string return level","timestamp":"2014-05-30T17:09:58.329Z"}
{"level":"debug","message":"rocksol compiler initialized at  /home/thorsten/devel/sitter/test/support/test_workdir","timestamp":"2014-05-30T17:09:58.339Z"}
{"level":"debug","message":"rocksol compiler initialized at   string return level","timestamp":"2014-05-30T17:09:58.534Z"}
{"level":"debug","message":"rocksol compiler initialized at   string return level","timestamp":"2014-05-30T17:09:58.535Z"}
{"level":"debug","message":"rocksol compiler initialized at  /home/thorsten/devel/sitter/test/support/test_workdir","timestamp":"2014-05-30T17:09:58.537Z"}
{"level":"debug","message":"rocksol compiler initialized at   string return level","timestamp":"2014-05-30T17:09:58.538Z"}
{"level":"debug","message":"rocksol compiler initialized at   string return level","timestamp":"2014-05-30T17:09:58.539Z"}
{"level":"debug","message":"rocksol compiler initialized at  /home/thorsten/devel/sitter/test/support/test_workdir","timestamp":"2014-05-30T17:09:58.540Z"}
{"level":"debug","message":"rocksol compiler initialized at   string return level","timestamp":"2014-05-30T17:10:55.616Z"}
{"level":"debug","message":"rocksol compiler initialized at   string return level","timestamp":"2014-05-30T17:10:55.623Z"}
{"level":"debug","message":"rocksol compiler initialized at  /home/thorsten/devel/sitter/test/support/test_workdir","timestamp":"2014-05-30T17:10:55.632Z"}
{"level":"debug","message":"rocksol compiler initialized at   string return level","timestamp":"2014-05-30T17:10:55.830Z"}
{"level":"debug","message":"rocksol compiler initialized at   string return level","timestamp":"2014-05-30T17:10:55.831Z"}
{"level":"debug","message":"rocksol compiler initialized at  /home/thorsten/devel/sitter/test/support/test_workdir","timestamp":"2014-05-30T17:10:55.832Z"}
{"level":"debug","message":"rocksol compiler initialized at   string return level","timestamp":"2014-05-30T17:10:55.834Z"}
{"level":"debug","message":"rocksol compiler initialized at   string return level","timestamp":"2014-05-30T17:10:55.835Z"}
{"level":"debug","message":"rocksol compiler initialized at  /home/thorsten/devel/sitter/test/support/test_workdir","timestamp":"2014-05-30T17:10:55.837Z"}
{"level":"debug","message":"rocksol compiler initialized at   string return level","timestamp":"2014-05-30T17:11:38.068Z"}
{"level":"debug","message":"rocksol compiler initialized at   string return level","timestamp":"2014-05-30T17:11:38.075Z"}
{"level":"debug","message":"rocksol compiler initialized at  /home/thorsten/devel/sitter/test/support/test_workdir","timestamp":"2014-05-30T17:11:38.084Z"}
{"level":"debug","message":"rocksol compiler initialized at   string return level","timestamp":"2014-05-30T17:11:38.280Z"}
{"level":"debug","message":"rocksol compiler initialized at   string return level","timestamp":"2014-05-30T17:11:38.280Z"}
{"level":"debug","message":"rocksol compiler initialized at  /home/thorsten/devel/sitter/test/support/test_workdir","timestamp":"2014-05-30T17:11:38.282Z"}
{"level":"debug","message":"rocksol compiler initialized at   string return level","timestamp":"2014-05-30T17:11:38.284Z"}
{"level":"debug","message":"rocksol compiler initialized at   string return level","timestamp":"2014-05-30T17:11:38.285Z"}
{"level":"debug","message":"rocksol compiler initialized at  /home/thorsten/devel/sitter/test/support/test_workdir","timestamp":"2014-05-30T17:11:38.286Z"}
{"level":"debug","message":"rocksol compiler initialized at   string return level","timestamp":"2014-05-30T17:12:45.331Z"}
{"level":"debug","message":"rocksol compiler initialized at   string return level","timestamp":"2014-05-30T17:12:45.337Z"}
{"level":"debug","message":"rocksol compiler initialized at  /home/thorsten/devel/sitter/test/support/test_workdir","timestamp":"2014-05-30T17:12:45.347Z"}
{"level":"debug","message":"rocksol compiler initialized at   string return level","timestamp":"2014-05-30T17:12:45.542Z"}
{"level":"debug","message":"rocksol compiler initialized at   string return level","timestamp":"2014-05-30T17:12:45.542Z"}
{"level":"debug","message":"rocksol compiler initialized at  /home/thorsten/devel/sitter/test/support/test_workdir","timestamp":"2014-05-30T17:12:45.544Z"}
{"level":"debug","message":"rocksol compiler initialized at   string return level","timestamp":"2014-05-30T17:12:45.546Z"}
{"level":"debug","message":"rocksol compiler initialized at   string return level","timestamp":"2014-05-30T17:12:45.547Z"}
{"level":"debug","message":"rocksol compiler initialized at  /home/thorsten/devel/sitter/test/support/test_workdir","timestamp":"2014-05-30T17:12:45.548Z"}
{"level":"debug","message":"rocksol compiler initialized at   string return level","timestamp":"2014-05-30T17:14:33.328Z"}
{"level":"debug","message":"rocksol compiler initialized at   string return level","timestamp":"2014-05-30T17:14:33.335Z"}
{"level":"debug","message":"rocksol compiler initialized at  /home/thorsten/devel/sitter/test/support/test_workdir","timestamp":"2014-05-30T17:14:33.345Z"}
{"level":"debug","message":"rocksol compiler initialized at   string return level","timestamp":"2014-05-30T17:14:33.542Z"}
{"level":"debug","message":"rocksol compiler initialized at   string return level","timestamp":"2014-05-30T17:14:33.542Z"}
{"level":"debug","message":"rocksol compiler initialized at  /home/thorsten/devel/sitter/test/support/test_workdir","timestamp":"2014-05-30T17:14:33.544Z"}
{"level":"debug","message":"rocksol compiler initialized at   string return level","timestamp":"2014-05-30T17:14:33.545Z"}
{"level":"debug","message":"rocksol compiler initialized at   string return level","timestamp":"2014-05-30T17:14:33.546Z"}
{"level":"debug","message":"rocksol compiler initialized at  /home/thorsten/devel/sitter/test/support/test_workdir","timestamp":"2014-05-30T17:14:33.548Z"}
{"level":"debug","message":"written  16  Bytes to  /home/thorsten/devel/sitter/test/support/test_workdir/public/test_dest/index.htm","timestamp":"2014-05-30T17:14:33.552Z"}
{"level":"debug","message":"written  16  Bytes to  /home/thorsten/devel/sitter/test/support/test_workdir/public/test_dest/index.htm","timestamp":"2014-05-30T17:14:33.558Z"}
{"level":"debug","message":"written  16  Bytes to  /home/thorsten/devel/sitter/test/support/test_workdir/public/test_dest/index.htm","timestamp":"2014-05-30T17:14:33.561Z"}
{"level":"debug","message":"written  16  Bytes to  /home/thorsten/devel/sitter/test/support/test_workdir/public/test_dest/index.htm","timestamp":"2014-05-30T17:14:33.565Z"}
{"level":"debug","message":"rocksol compiler initialized at   string return level","timestamp":"2014-05-30T17:15:17.574Z"}
{"level":"debug","message":"rocksol compiler initialized at   string return level","timestamp":"2014-05-30T17:15:17.581Z"}
{"level":"debug","message":"rocksol compiler initialized at  /home/thorsten/devel/sitter/test/support/test_workdir","timestamp":"2014-05-30T17:15:17.590Z"}
{"level":"debug","message":"rocksol compiler initialized at   string return level","timestamp":"2014-05-30T17:15:17.789Z"}
{"level":"debug","message":"rocksol compiler initialized at   string return level","timestamp":"2014-05-30T17:15:17.789Z"}
{"level":"debug","message":"rocksol compiler initialized at  /home/thorsten/devel/sitter/test/support/test_workdir","timestamp":"2014-05-30T17:15:17.791Z"}
{"level":"debug","message":"rocksol compiler initialized at   string return level","timestamp":"2014-05-30T17:15:17.792Z"}
{"level":"debug","message":"rocksol compiler initialized at   string return level","timestamp":"2014-05-30T17:15:22.869Z"}
{"level":"debug","message":"rocksol compiler initialized at   string return level","timestamp":"2014-05-30T17:15:22.876Z"}
{"level":"debug","message":"rocksol compiler initialized at  /home/thorsten/devel/sitter/test/support/test_workdir","timestamp":"2014-05-30T17:15:22.886Z"}
{"level":"debug","message":"rocksol compiler initialized at   string return level","timestamp":"2014-05-30T17:15:23.083Z"}
{"level":"debug","message":"rocksol compiler initialized at   string return level","timestamp":"2014-05-30T17:15:23.084Z"}
{"level":"debug","message":"rocksol compiler initialized at  /home/thorsten/devel/sitter/test/support/test_workdir","timestamp":"2014-05-30T17:15:23.086Z"}
{"level":"debug","message":"rocksol compiler initialized at   string return level","timestamp":"2014-05-30T17:15:23.087Z"}
{"level":"debug","message":"rocksol compiler initialized at   string return level","timestamp":"2014-05-30T17:15:23.089Z"}
{"level":"debug","message":"rocksol compiler initialized at  /home/thorsten/devel/sitter/test/support/test_workdir","timestamp":"2014-05-30T17:15:23.091Z"}
{"level":"debug","message":"rocksol compiler initialized at   string return level","timestamp":"2014-05-30T17:16:05.868Z"}
{"level":"debug","message":"rocksol compiler initialized at   string return level","timestamp":"2014-05-30T17:16:05.874Z"}
{"level":"debug","message":"rocksol compiler initialized at  /home/thorsten/devel/sitter/test/support/test_workdir","timestamp":"2014-05-30T17:16:05.883Z"}
{"level":"debug","message":"rocksol compiler initialized at   string return level","timestamp":"2014-05-30T17:16:06.082Z"}
{"level":"debug","message":"rocksol compiler initialized at   string return level","timestamp":"2014-05-30T17:16:06.082Z"}
{"level":"debug","message":"rocksol compiler initialized at  /home/thorsten/devel/sitter/test/support/test_workdir","timestamp":"2014-05-30T17:16:06.084Z"}
{"level":"debug","message":"rocksol compiler initialized at   string return level","timestamp":"2014-05-30T17:16:06.086Z"}
{"level":"debug","message":"rocksol compiler initialized at   string return level","timestamp":"2014-05-30T17:16:06.087Z"}
{"level":"debug","message":"rocksol compiler initialized at  /home/thorsten/devel/sitter/test/support/test_workdir","timestamp":"2014-05-30T17:16:06.088Z"}
{"level":"debug","message":"rocksol compiler initialized at  /home/thorsten/devel/sitter/test/support/test_workdir","timestamp":"2014-05-30T17:16:06.107Z"}
{"level":"debug","message":"rocksol compiler initialized at  /home/thorsten/devel/sitter/test/support/test_workdir","timestamp":"2014-05-30T17:16:06.117Z"}
{"level":"debug","message":"rocksol compiler initialized at   string return level","timestamp":"2014-05-30T17:16:14.375Z"}
{"level":"debug","message":"rocksol compiler initialized at   string return level","timestamp":"2014-05-30T17:16:14.381Z"}
{"level":"debug","message":"rocksol compiler initialized at  /home/thorsten/devel/sitter/test/support/test_workdir","timestamp":"2014-05-30T17:16:14.391Z"}
{"level":"debug","message":"rocksol compiler initialized at   string return level","timestamp":"2014-05-30T17:16:14.589Z"}
{"level":"debug","message":"rocksol compiler initialized at   string return level","timestamp":"2014-05-30T17:16:14.589Z"}
{"level":"debug","message":"rocksol compiler initialized at  /home/thorsten/devel/sitter/test/support/test_workdir","timestamp":"2014-05-30T17:16:14.591Z"}
{"level":"debug","message":"rocksol compiler initialized at   string return level","timestamp":"2014-05-30T17:16:14.593Z"}
{"level":"debug","message":"rocksol compiler initialized at   string return level","timestamp":"2014-05-30T17:16:14.594Z"}
{"level":"debug","message":"rocksol compiler initialized at  /home/thorsten/devel/sitter/test/support/test_workdir","timestamp":"2014-05-30T17:16:14.596Z"}
{"level":"debug","message":"written  16  Bytes to  /home/thorsten/devel/sitter/test/support/test_workdir/public/test_dest/index.htm","timestamp":"2014-05-30T17:16:14.600Z"}
{"level":"debug","message":"written  16  Bytes to  /home/thorsten/devel/sitter/test/support/test_workdir/public/test_dest/index.htm.en","timestamp":"2014-05-30T17:16:14.605Z"}
{"level":"debug","message":"written  16  Bytes to  /home/thorsten/devel/sitter/test/support/test_workdir/public/test_dest/index.htm","timestamp":"2014-05-30T17:16:14.608Z"}
{"level":"debug","message":"written  16  Bytes to  /home/thorsten/devel/sitter/test/support/test_workdir/public/test_dest/index.htm.en","timestamp":"2014-05-30T17:16:14.611Z"}
{"level":"debug","message":"rocksol compiler initialized at  /home/thorsten/devel/sitter/test/support/test_workdir","timestamp":"2014-05-30T17:16:14.614Z"}
{"level":"debug","message":"rocksol compiler initialized at  /home/thorsten/devel/sitter/test/support/test_workdir","timestamp":"2014-05-30T17:16:14.622Z"}
{"level":"debug","message":"rocksol compiler initialized at   string return level","timestamp":"2014-05-30T17:16:21.727Z"}
{"level":"debug","message":"rocksol compiler initialized at   string return level","timestamp":"2014-05-30T17:16:21.733Z"}
{"level":"debug","message":"rocksol compiler initialized at  /home/thorsten/devel/sitter/test/support/test_workdir","timestamp":"2014-05-30T17:16:21.742Z"}
{"level":"debug","message":"rocksol compiler initialized at   string return level","timestamp":"2014-05-30T17:16:21.943Z"}
{"level":"debug","message":"rocksol compiler initialized at   string return level","timestamp":"2014-05-30T17:16:21.943Z"}
{"level":"debug","message":"rocksol compiler initialized at  /home/thorsten/devel/sitter/test/support/test_workdir","timestamp":"2014-05-30T17:16:21.945Z"}
{"level":"debug","message":"rocksol compiler initialized at   string return level","timestamp":"2014-05-30T17:16:21.946Z"}
{"level":"debug","message":"rocksol compiler initialized at   string return level","timestamp":"2014-05-30T17:16:21.947Z"}
{"level":"debug","message":"rocksol compiler initialized at  /home/thorsten/devel/sitter/test/support/test_workdir","timestamp":"2014-05-30T17:16:21.949Z"}
{"level":"debug","message":"rocksol compiler initialized at  /home/thorsten/devel/sitter/test/support/test_workdir","timestamp":"2014-05-30T17:16:21.966Z"}
{"level":"debug","message":"written  16  Bytes to  /home/thorsten/devel/sitter/test/support/test_workdir/public/test_dest/index.htm.en","timestamp":"2014-05-30T17:16:21.968Z"}
{"level":"debug","message":"written  16  Bytes to  /home/thorsten/devel/sitter/test/support/test_workdir/public/test_dest/index.htm.de","timestamp":"2014-05-30T17:16:21.971Z"}
{"level":"debug","message":"rocksol compiler initialized at  /home/thorsten/devel/sitter/test/support/test_workdir","timestamp":"2014-05-30T17:16:21.974Z"}
{"level":"debug","message":"rocksol compiler initialized at   string return level","timestamp":"2014-05-30T17:17:31.536Z"}
{"level":"debug","message":"rocksol compiler initialized at   string return level","timestamp":"2014-05-30T17:17:31.542Z"}
{"level":"debug","message":"rocksol compiler initialized at  /home/thorsten/devel/sitter/test/support/test_workdir","timestamp":"2014-05-30T17:17:31.552Z"}
{"level":"debug","message":"rocksol compiler initialized at   string return level","timestamp":"2014-05-30T17:17:31.748Z"}
{"level":"debug","message":"rocksol compiler initialized at   string return level","timestamp":"2014-05-30T17:17:31.749Z"}
{"level":"debug","message":"rocksol compiler initialized at  /home/thorsten/devel/sitter/test/support/test_workdir","timestamp":"2014-05-30T17:17:31.751Z"}
{"level":"debug","message":"rocksol compiler initialized at   string return level","timestamp":"2014-05-30T17:17:31.752Z"}
{"level":"debug","message":"rocksol compiler initialized at   string return level","timestamp":"2014-05-30T17:17:31.753Z"}
{"level":"debug","message":"rocksol compiler initialized at  /home/thorsten/devel/sitter/test/support/test_workdir","timestamp":"2014-05-30T17:17:31.755Z"}
{"level":"debug","message":"rocksol compiler initialized at  /home/thorsten/devel/sitter/test/support/test_workdir","timestamp":"2014-05-30T17:17:31.772Z"}
{"level":"debug","message":"rocksol compiler initialized at   string return level","timestamp":"2014-05-30T17:17:45.909Z"}
{"level":"debug","message":"rocksol compiler initialized at   string return level","timestamp":"2014-05-30T17:17:45.916Z"}
{"level":"debug","message":"rocksol compiler initialized at  /home/thorsten/devel/sitter/test/support/test_workdir","timestamp":"2014-05-30T17:17:45.925Z"}
{"level":"debug","message":"rocksol compiler initialized at   string return level","timestamp":"2014-05-30T17:17:46.122Z"}
{"level":"debug","message":"rocksol compiler initialized at   string return level","timestamp":"2014-05-30T17:17:46.122Z"}
{"level":"debug","message":"rocksol compiler initialized at  /home/thorsten/devel/sitter/test/support/test_workdir","timestamp":"2014-05-30T17:17:46.124Z"}
{"level":"debug","message":"rocksol compiler initialized at   string return level","timestamp":"2014-05-30T17:17:46.126Z"}
{"level":"debug","message":"rocksol compiler initialized at   string return level","timestamp":"2014-05-30T17:17:46.127Z"}
{"level":"debug","message":"rocksol compiler initialized at  /home/thorsten/devel/sitter/test/support/test_workdir","timestamp":"2014-05-30T17:17:46.129Z"}
{"level":"debug","message":"rocksol compiler initialized at  /home/thorsten/devel/sitter/test/support/test_workdir","timestamp":"2014-05-30T17:17:46.146Z"}
{"level":"debug","message":"rocksol compiler initialized at   string return level","timestamp":"2014-05-30T17:18:13.428Z"}
{"level":"debug","message":"rocksol compiler initialized at   string return level","timestamp":"2014-05-30T17:18:13.434Z"}
{"level":"debug","message":"rocksol compiler initialized at  /home/thorsten/devel/sitter/test/support/test_workdir","timestamp":"2014-05-30T17:18:13.444Z"}
{"level":"debug","message":"rocksol compiler initialized at   string return level","timestamp":"2014-05-30T17:18:13.642Z"}
{"level":"debug","message":"rocksol compiler initialized at   string return level","timestamp":"2014-05-30T17:18:13.642Z"}
{"level":"debug","message":"rocksol compiler initialized at  /home/thorsten/devel/sitter/test/support/test_workdir","timestamp":"2014-05-30T17:18:13.644Z"}
{"level":"debug","message":"rocksol compiler initialized at   string return level","timestamp":"2014-05-30T17:18:13.646Z"}
{"level":"debug","message":"rocksol compiler initialized at   string return level","timestamp":"2014-05-30T17:18:13.647Z"}
{"level":"debug","message":"rocksol compiler initialized at  /home/thorsten/devel/sitter/test/support/test_workdir","timestamp":"2014-05-30T17:18:13.648Z"}
{"level":"debug","message":"rocksol compiler initialized at  /home/thorsten/devel/sitter/test/support/test_workdir","timestamp":"2014-05-30T17:18:13.671Z"}
{"level":"debug","message":"rocksol compiler initialized at   string return level","timestamp":"2014-05-30T17:18:45.461Z"}
{"level":"debug","message":"rocksol compiler initialized at   string return level","timestamp":"2014-05-30T17:18:45.468Z"}
{"level":"debug","message":"rocksol compiler initialized at  /home/thorsten/devel/sitter/test/support/test_workdir","timestamp":"2014-05-30T17:18:45.478Z"}
{"level":"debug","message":"rocksol compiler initialized at   string return level","timestamp":"2014-05-30T17:18:45.673Z"}
{"level":"debug","message":"rocksol compiler initialized at   string return level","timestamp":"2014-05-30T17:18:45.673Z"}
{"level":"debug","message":"rocksol compiler initialized at  /home/thorsten/devel/sitter/test/support/test_workdir","timestamp":"2014-05-30T17:18:45.675Z"}
{"level":"debug","message":"rocksol compiler initialized at   string return level","timestamp":"2014-05-30T17:18:45.677Z"}
{"level":"debug","message":"rocksol compiler initialized at   string return level","timestamp":"2014-05-30T17:18:45.678Z"}
{"level":"debug","message":"rocksol compiler initialized at  /home/thorsten/devel/sitter/test/support/test_workdir","timestamp":"2014-05-30T17:18:45.680Z"}
{"level":"debug","message":"rocksol compiler initialized at  /home/thorsten/devel/sitter/test/support/test_workdir","timestamp":"2014-05-30T17:18:45.697Z"}
{"level":"debug","message":"rocksol compiler initialized at  /home/thorsten/devel/sitter/test/support/test_workdir","timestamp":"2014-05-30T17:18:45.714Z"}
{"level":"debug","message":"rocksol compiler initialized at   string return level","timestamp":"2014-05-30T17:22:20.352Z"}
{"level":"debug","message":"rocksol compiler initialized at   string return level","timestamp":"2014-05-30T17:22:20.358Z"}
{"level":"debug","message":"rocksol compiler initialized at  /home/thorsten/devel/sitter/test/support/test_workdir","timestamp":"2014-05-30T17:22:20.368Z"}
{"level":"debug","message":"rocksol compiler initialized at   string return level","timestamp":"2014-05-30T17:22:20.567Z"}
{"level":"debug","message":"rocksol compiler initialized at   string return level","timestamp":"2014-05-30T17:22:20.567Z"}
{"level":"debug","message":"rocksol compiler initialized at  /home/thorsten/devel/sitter/test/support/test_workdir","timestamp":"2014-05-30T17:22:20.569Z"}
{"level":"debug","message":"rocksol compiler initialized at   string return level","timestamp":"2014-05-30T17:22:20.571Z"}
{"level":"debug","message":"rocksol compiler initialized at   string return level","timestamp":"2014-05-30T17:22:20.572Z"}
{"level":"debug","message":"rocksol compiler initialized at  /home/thorsten/devel/sitter/test/support/test_workdir","timestamp":"2014-05-30T17:22:20.573Z"}
{"level":"debug","message":"rocksol compiler initialized at  /home/thorsten/devel/sitter/test/support/test_workdir","timestamp":"2014-05-30T17:22:20.590Z"}
{"level":"debug","message":"rocksol compiler initialized at  /home/thorsten/devel/sitter/test/support/test_workdir","timestamp":"2014-05-30T17:22:20.607Z"}
{"level":"debug","message":"rocksol compiler initialized at   string return level","timestamp":"2014-05-30T17:23:26.320Z"}
{"level":"debug","message":"rocksol compiler initialized at   string return level","timestamp":"2014-05-30T17:23:26.326Z"}
{"level":"debug","message":"rocksol compiler initialized at  /home/thorsten/devel/sitter/test/support/test_workdir","timestamp":"2014-05-30T17:23:26.336Z"}
{"level":"debug","message":"rocksol compiler initialized at   string return level","timestamp":"2014-05-30T17:23:26.532Z"}
{"level":"debug","message":"rocksol compiler initialized at   string return level","timestamp":"2014-05-30T17:23:26.533Z"}
{"level":"debug","message":"rocksol compiler initialized at  /home/thorsten/devel/sitter/test/support/test_workdir","timestamp":"2014-05-30T17:23:26.534Z"}
{"level":"debug","message":"rocksol compiler initialized at   string return level","timestamp":"2014-05-30T17:23:26.536Z"}
{"level":"debug","message":"rocksol compiler initialized at   string return level","timestamp":"2014-05-30T17:23:26.537Z"}
{"level":"debug","message":"rocksol compiler initialized at  /home/thorsten/devel/sitter/test/support/test_workdir","timestamp":"2014-05-30T17:23:26.538Z"}
{"level":"debug","message":"rocksol compiler initialized at  /home/thorsten/devel/sitter/test/support/test_workdir","timestamp":"2014-05-30T17:23:26.555Z"}
{"level":"debug","message":"rocksol compiler initialized at   string return level","timestamp":"2014-05-30T17:23:59.314Z"}
{"level":"debug","message":"rocksol compiler initialized at   string return level","timestamp":"2014-05-30T17:23:59.320Z"}
{"level":"debug","message":"rocksol compiler initialized at  /home/thorsten/devel/sitter/test/support/test_workdir","timestamp":"2014-05-30T17:23:59.324Z"}
{"level":"debug","message":"rocksol compiler initialized at  /home/thorsten/devel/sitter/test/support/test_workdir","timestamp":"2014-05-30T17:23:59.530Z"}
{"level":"debug","message":"rocksol compiler initialized at   string return level","timestamp":"2014-05-30T17:26:55.532Z"}
{"level":"debug","message":"rocksol compiler initialized at   string return level","timestamp":"2014-05-30T17:26:55.538Z"}
{"level":"debug","message":"rocksol compiler initialized at  /home/thorsten/devel/sitter/test/support/test_workdir","timestamp":"2014-05-30T17:26:55.542Z"}
{"level":"debug","message":"rocksol compiler initialized at  /home/thorsten/devel/sitter/test/support/test_workdir","timestamp":"2014-05-30T17:26:55.746Z"}
{"level":"debug","message":"rocksol compiler initialized at   string return level","timestamp":"2014-05-30T17:27:10.163Z"}
{"level":"debug","message":"rocksol compiler initialized at   string return level","timestamp":"2014-05-30T17:27:10.169Z"}
{"level":"debug","message":"rocksol compiler initialized at  /home/thorsten/devel/sitter/test/support/test_workdir","timestamp":"2014-05-30T17:27:10.179Z"}
{"level":"debug","message":"rocksol compiler initialized at   string return level","timestamp":"2014-05-30T17:27:10.375Z"}
{"level":"debug","message":"rocksol compiler initialized at   string return level","timestamp":"2014-05-30T17:27:10.375Z"}
{"level":"debug","message":"rocksol compiler initialized at  /home/thorsten/devel/sitter/test/support/test_workdir","timestamp":"2014-05-30T17:27:10.377Z"}
{"level":"debug","message":"rocksol compiler initialized at   string return level","timestamp":"2014-05-30T17:27:10.378Z"}
{"level":"debug","message":"rocksol compiler initialized at   string return level","timestamp":"2014-05-30T17:27:10.379Z"}
{"level":"debug","message":"rocksol compiler initialized at  /home/thorsten/devel/sitter/test/support/test_workdir","timestamp":"2014-05-30T17:27:10.381Z"}
{"level":"debug","message":"written  16  Bytes to  /home/thorsten/devel/sitter/test/support/test_workdir/public/test_dest/index.htm","timestamp":"2014-05-30T17:27:10.386Z"}
{"level":"debug","message":"written  16  Bytes to  /home/thorsten/devel/sitter/test/support/test_workdir/public/test_dest/index.htm.en","timestamp":"2014-05-30T17:27:10.390Z"}
{"level":"debug","message":"written  16  Bytes to  /home/thorsten/devel/sitter/test/support/test_workdir/public/test_dest/index.htm","timestamp":"2014-05-30T17:27:10.393Z"}
{"level":"debug","message":"written  16  Bytes to  /home/thorsten/devel/sitter/test/support/test_workdir/public/test_dest/index.htm.en","timestamp":"2014-05-30T17:27:10.397Z"}
{"level":"debug","message":"rocksol compiler initialized at  /home/thorsten/devel/sitter/test/support/test_workdir","timestamp":"2014-05-30T17:27:10.399Z"}
{"level":"debug","message":"rocksol compiler initialized at  /home/thorsten/devel/sitter/test/support/test_workdir","timestamp":"2014-05-30T17:27:10.415Z"}
{"level":"debug","message":"written  16  Bytes to  /home/thorsten/devel/sitter/test/support/test_workdir/public/test_dest/index.htm","timestamp":"2014-05-30T17:27:10.418Z"}
{"level":"debug","message":"rocksol compiler initialized at   string return level","timestamp":"2014-05-30T17:28:08.820Z"}
{"level":"debug","message":"rocksol compiler initialized at   string return level","timestamp":"2014-05-30T17:28:08.826Z"}
{"level":"debug","message":"rocksol compiler initialized at  /home/thorsten/devel/sitter/test/support/test_workdir","timestamp":"2014-05-30T17:28:08.835Z"}
{"level":"debug","message":"rocksol compiler initialized at   string return level","timestamp":"2014-05-30T17:28:09.032Z"}
{"level":"debug","message":"rocksol compiler initialized at   string return level","timestamp":"2014-05-30T17:28:09.033Z"}
{"level":"debug","message":"rocksol compiler initialized at  /home/thorsten/devel/sitter/test/support/test_workdir","timestamp":"2014-05-30T17:28:09.034Z"}
{"level":"debug","message":"rocksol compiler initialized at   string return level","timestamp":"2014-05-30T17:28:09.036Z"}
{"level":"debug","message":"rocksol compiler initialized at   string return level","timestamp":"2014-05-30T17:28:09.037Z"}
{"level":"debug","message":"rocksol compiler initialized at  /home/thorsten/devel/sitter/test/support/test_workdir","timestamp":"2014-05-30T17:28:09.038Z"}
{"level":"debug","message":"rocksol compiler initialized at  /home/thorsten/devel/sitter/test/support/test_workdir","timestamp":"2014-05-30T17:28:09.055Z"}
{"level":"debug","message":"rocksol compiler initialized at  /home/thorsten/devel/sitter/test/support/test_workdir","timestamp":"2014-05-30T17:28:09.071Z"}
{"level":"debug","message":"rocksol compiler initialized at   string return level","timestamp":"2014-05-30T17:28:26.867Z"}
{"level":"debug","message":"rocksol compiler initialized at   string return level","timestamp":"2014-05-30T17:28:26.873Z"}
{"level":"debug","message":"rocksol compiler initialized at  /home/thorsten/devel/sitter/test/support/test_workdir","timestamp":"2014-05-30T17:28:26.883Z"}
{"level":"debug","message":"rocksol compiler initialized at   string return level","timestamp":"2014-05-30T17:28:27.077Z"}
{"level":"debug","message":"rocksol compiler initialized at   string return level","timestamp":"2014-05-30T17:28:27.077Z"}
{"level":"debug","message":"rocksol compiler initialized at  /home/thorsten/devel/sitter/test/support/test_workdir","timestamp":"2014-05-30T17:28:27.079Z"}
{"level":"debug","message":"rocksol compiler initialized at   string return level","timestamp":"2014-05-30T17:28:27.081Z"}
{"level":"debug","message":"rocksol compiler initialized at   string return level","timestamp":"2014-05-30T17:28:27.081Z"}
{"level":"debug","message":"rocksol compiler initialized at  /home/thorsten/devel/sitter/test/support/test_workdir","timestamp":"2014-05-30T17:28:27.083Z"}
{"level":"debug","message":"rocksol compiler initialized at  /home/thorsten/devel/sitter/test/support/test_workdir","timestamp":"2014-05-30T17:28:27.100Z"}
{"level":"debug","message":"rocksol compiler initialized at  /home/thorsten/devel/sitter/test/support/test_workdir","timestamp":"2014-05-30T17:28:27.117Z"}
{"level":"debug","message":"rocksol compiler initialized at   string return level","timestamp":"2014-05-30T19:28:09.631Z"}
{"level":"debug","message":"rocksol compiler initialized at   string return level","timestamp":"2014-05-30T19:28:09.637Z"}
{"level":"debug","message":"rocksol compiler initialized at  /home/thorsten/devel/sitter/test/support/test_workdir","timestamp":"2014-05-30T19:28:09.647Z"}
{"level":"debug","message":"rocksol compiler initialized at   string return level","timestamp":"2014-05-30T19:28:09.846Z"}
{"level":"debug","message":"rocksol compiler initialized at   string return level","timestamp":"2014-05-30T19:28:09.846Z"}
{"level":"debug","message":"rocksol compiler initialized at  /home/thorsten/devel/sitter/test/support/test_workdir","timestamp":"2014-05-30T19:28:09.848Z"}
{"level":"debug","message":"rocksol compiler initialized at   string return level","timestamp":"2014-05-30T19:28:09.849Z"}
{"level":"debug","message":"rocksol compiler initialized at   string return level","timestamp":"2014-05-30T19:28:09.850Z"}
{"level":"debug","message":"rocksol compiler initialized at  /home/thorsten/devel/sitter/test/support/test_workdir","timestamp":"2014-05-30T19:28:09.852Z"}
{"level":"debug","message":"written  16  Bytes to  /home/thorsten/devel/sitter/test/support/test_workdir/public/test_dest/index.htm","timestamp":"2014-05-30T19:28:09.857Z"}
{"level":"debug","message":"written  16  Bytes to  /home/thorsten/devel/sitter/test/support/test_workdir/public/test_dest/index.htm.en","timestamp":"2014-05-30T19:28:09.861Z"}
{"level":"debug","message":"written  16  Bytes to  /home/thorsten/devel/sitter/test/support/test_workdir/public/test_dest/index.htm","timestamp":"2014-05-30T19:28:09.865Z"}
{"level":"debug","message":"written  16  Bytes to  /home/thorsten/devel/sitter/test/support/test_workdir/public/test_dest/index.htm.en","timestamp":"2014-05-30T19:28:09.868Z"}
{"level":"debug","message":"rocksol compiler initialized at  /home/thorsten/devel/sitter/test/support/test_workdir","timestamp":"2014-05-30T19:28:09.870Z"}
{"level":"debug","message":"rocksol compiler initialized at  /home/thorsten/devel/sitter/test/support/test_workdir","timestamp":"2014-05-30T19:28:09.888Z"}
{"level":"debug","message":"written  16  Bytes to  /home/thorsten/devel/sitter/test/support/test_workdir/public/test_dest/index.htm","timestamp":"2014-05-30T19:28:09.890Z"}
